


ARM Macro Assembler    Page 1 


    1 00000000         ;******************** (C) COPYRIGHT 2015 STMicroelectron
                       ics ********************
    2 00000000         ;* File Name          : startup_stm32l1xx_hd.s
    3 00000000         ;* Author             : MCD Application Team
    4 00000000         ;* Version            : V1.2.2
    5 00000000         ;* Date               : 17-November-2021
    6 00000000         ;* Description        : STM32L1xx Ultra Low Power High-d
                       ensity Devices vector 
    7 00000000         ;*                      table for MDK-ARM toolchain.
    8 00000000         ;*                      This module performs:
    9 00000000         ;*                      - Set the initial SP
   10 00000000         ;*                      - Set the initial PC == Reset_Ha
                       ndler
   11 00000000         ;*                      - Set the vector table entries w
                       ith the exceptions ISR address
   12 00000000         ;*                      - Branches to __main in the C li
                       brary (which eventually
   13 00000000         ;*                        calls main()).
   14 00000000         ;*                      After Reset the CortexM3 process
                       or is in Thread mode,
   15 00000000         ;*                      priority is Privileged, and the 
                       Stack is set to Main.
   16 00000000         ;* <<< Use Configuration Wizard in Context Menu >>>   
   17 00000000         ;*******************************************************
                       ************************
   18 00000000         ; 
   19 00000000         ; @attention
   20 00000000         ;
   21 00000000         ; Copyright (c) 2015 STMicroelectronics.
   22 00000000         ; All rights reserved.
   23 00000000         ;
   24 00000000         ; This software is licensed under terms that can be foun
                       d in the LICENSE file
   25 00000000         ; in the root directory of this software component.
   26 00000000         ; If no LICENSE file comes with this software, it is pro
                       vided AS-IS.
   27 00000000         ; 
   28 00000000         ;*******************************************************
                       ************************
   29 00000000         
   30 00000000         ; Amount of memory (in bytes) allocated for Stack
   31 00000000         ; Tailor this value to your application needs
   32 00000000         ; <h> Stack Configuration
   33 00000000         ;   <o> Stack Size (in Bytes) <0x0-0xFFFFFFFF:8>
   34 00000000         ; </h>
   35 00000000         
   36 00000000 00000400 
                       Stack_Size
                               EQU              0x00000400
   37 00000000         
   38 00000000                 AREA             STACK, NOINIT, READWRITE, ALIGN
=3
   39 00000000         Stack_Mem
                               SPACE            Stack_Size
   40 00000400         __initial_sp
   41 00000400         
   42 00000400 20000400 
                       __initial_spTop
                               EQU              0x20000400  ; stack used for Sy



ARM Macro Assembler    Page 2 


                                                            stemInit & SystemIn
                                                            it_ExtMemCtl
   43 00000400         
   44 00000400         ; <h> Heap Configuration
   45 00000400         ;   <o>  Heap Size (in Bytes) <0x0-0xFFFFFFFF:8>
   46 00000400         ; </h>
   47 00000400         
   48 00000400 00000200 
                       Heap_Size
                               EQU              0x00000200
   49 00000400         
   50 00000400                 AREA             HEAP, NOINIT, READWRITE, ALIGN=
3
   51 00000000         __heap_base
   52 00000000         Heap_Mem
                               SPACE            Heap_Size
   53 00000200         __heap_limit
   54 00000200         
   55 00000200                 PRESERVE8
   56 00000200                 THUMB
   57 00000200         
   58 00000200         
   59 00000200         ; Vector Table Mapped to Address 0 at Reset
   60 00000200                 AREA             RESET, DATA, READONLY
   61 00000000                 EXPORT           __Vectors
   62 00000000                 EXPORT           __Vectors_End
   63 00000000                 EXPORT           __Vectors_Size
   64 00000000         
   65 00000000 20000400 
                       __Vectors
                               DCD              __initial_spTop ; use internal 
                                                            RAM for stack for c
                                                            alling SystemInit
   66 00000004 00000000        DCD              Reset_Handler ; Reset Handler
   67 00000008 00000000        DCD              NMI_Handler ; NMI Handler
   68 0000000C 00000000        DCD              HardFault_Handler ; Hard Fault 
                                                            Handler
   69 00000010 00000000        DCD              MemManage_Handler 
                                                            ; MPU Fault Handler
                                                            
   70 00000014 00000000        DCD              BusFault_Handler 
                                                            ; Bus Fault Handler
                                                            
   71 00000018 00000000        DCD              UsageFault_Handler ; Usage Faul
                                                            t Handler
   72 0000001C 00000000        DCD              0           ; Reserved
   73 00000020 00000000        DCD              0           ; Reserved
   74 00000024 00000000        DCD              0           ; Reserved
   75 00000028 00000000        DCD              0           ; Reserved
   76 0000002C 00000000        DCD              SVC_Handler ; SVCall Handler
   77 00000030 00000000        DCD              DebugMon_Handler ; Debug Monito
                                                            r Handler
   78 00000034 00000000        DCD              0           ; Reserved
   79 00000038 00000000        DCD              PendSV_Handler ; PendSV Handler
                                                            
   80 0000003C 00000000        DCD              SysTick_Handler 
                                                            ; SysTick Handler
   81 00000040         
   82 00000040         ; External Interrupts



ARM Macro Assembler    Page 3 


   83 00000040 00000000        DCD              WWDG_IRQHandler 
                                                            ; Window Watchdog
   84 00000044 00000000        DCD              PVD_IRQHandler ; PVD through EX
                                                            TI Line detect
   85 00000048 00000000        DCD              TAMPER_STAMP_IRQHandler ; Tampe
                                                            r and Time Stamp
   86 0000004C 00000000        DCD              RTC_WKUP_IRQHandler 
                                                            ; RTC Wakeup
   87 00000050 00000000        DCD              FLASH_IRQHandler ; FLASH
   88 00000054 00000000        DCD              RCC_IRQHandler ; RCC
   89 00000058 00000000        DCD              EXTI0_IRQHandler ; EXTI Line 0
   90 0000005C 00000000        DCD              EXTI1_IRQHandler ; EXTI Line 1
   91 00000060 00000000        DCD              EXTI2_IRQHandler ; EXTI Line 2
   92 00000064 00000000        DCD              EXTI3_IRQHandler ; EXTI Line 3
   93 00000068 00000000        DCD              EXTI4_IRQHandler ; EXTI Line 4
   94 0000006C 00000000        DCD              DMA1_Channel1_IRQHandler 
                                                            ; DMA1 Channel 1
   95 00000070 00000000        DCD              DMA1_Channel2_IRQHandler 
                                                            ; DMA1 Channel 2
   96 00000074 00000000        DCD              DMA1_Channel3_IRQHandler 
                                                            ; DMA1 Channel 3
   97 00000078 00000000        DCD              DMA1_Channel4_IRQHandler 
                                                            ; DMA1 Channel 4
   98 0000007C 00000000        DCD              DMA1_Channel5_IRQHandler 
                                                            ; DMA1 Channel 5
   99 00000080 00000000        DCD              DMA1_Channel6_IRQHandler 
                                                            ; DMA1 Channel 6
  100 00000084 00000000        DCD              DMA1_Channel7_IRQHandler 
                                                            ; DMA1 Channel 7
  101 00000088 00000000        DCD              ADC1_IRQHandler ; ADC1
  102 0000008C 00000000        DCD              USB_HP_IRQHandler 
                                                            ; USB High Priority
                                                            
  103 00000090 00000000        DCD              USB_LP_IRQHandler 
                                                            ; USB Low  Priority
                                                            
  104 00000094 00000000        DCD              DAC_IRQHandler ; DAC
  105 00000098 00000000        DCD              COMP_IRQHandler ; COMP through 
                                                            EXTI Line
  106 0000009C 00000000        DCD              EXTI9_5_IRQHandler 
                                                            ; EXTI Line 9..5
  107 000000A0 00000000        DCD              LCD_IRQHandler ; LCD
  108 000000A4 00000000        DCD              TIM9_IRQHandler ; TIM9
  109 000000A8 00000000        DCD              TIM10_IRQHandler ; TIM10
  110 000000AC 00000000        DCD              TIM11_IRQHandler ; TIM11
  111 000000B0 00000000        DCD              TIM2_IRQHandler ; TIM2
  112 000000B4 00000000        DCD              TIM3_IRQHandler ; TIM3
  113 000000B8 00000000        DCD              TIM4_IRQHandler ; TIM4
  114 000000BC 00000000        DCD              I2C1_EV_IRQHandler ; I2C1 Event
                                                            
  115 000000C0 00000000        DCD              I2C1_ER_IRQHandler ; I2C1 Error
                                                            
  116 000000C4 00000000        DCD              I2C2_EV_IRQHandler ; I2C2 Event
                                                            
  117 000000C8 00000000        DCD              I2C2_ER_IRQHandler ; I2C2 Error
                                                            
  118 000000CC 00000000        DCD              SPI1_IRQHandler ; SPI1
  119 000000D0 00000000        DCD              SPI2_IRQHandler ; SPI2
  120 000000D4 00000000        DCD              USART1_IRQHandler ; USART1



ARM Macro Assembler    Page 4 


  121 000000D8 00000000        DCD              USART2_IRQHandler ; USART2
  122 000000DC 00000000        DCD              USART3_IRQHandler ; USART3
  123 000000E0 00000000        DCD              EXTI15_10_IRQHandler 
                                                            ; EXTI Line 15..10
  124 000000E4 00000000        DCD              RTC_Alarm_IRQHandler ; RTC Alar
                                                            m through EXTI Line
                                                            
  125 000000E8 00000000        DCD              USB_FS_WKUP_IRQHandler ; USB FS
                                                             Wakeup from suspen
                                                            d
  126 000000EC 00000000        DCD              TIM6_IRQHandler ; TIM6
  127 000000F0 00000000        DCD              TIM7_IRQHandler ; TIM7
  128 000000F4 00000000        DCD              SDIO_IRQHandler ; SDIO
  129 000000F8 00000000        DCD              TIM5_IRQHandler ; TIM5
  130 000000FC 00000000        DCD              SPI3_IRQHandler ; SPI3
  131 00000100 00000000        DCD              UART4_IRQHandler ; UART4
  132 00000104 00000000        DCD              UART5_IRQHandler ; UART5
  133 00000108 00000000        DCD              DMA2_Channel1_IRQHandler 
                                                            ; DMA2 Channel 1
  134 0000010C 00000000        DCD              DMA2_Channel2_IRQHandler 
                                                            ; DMA2 Channel 2
  135 00000110 00000000        DCD              DMA2_Channel3_IRQHandler 
                                                            ; DMA2 Channel 3
  136 00000114 00000000        DCD              DMA2_Channel4_IRQHandler 
                                                            ; DMA2 Channel 4
  137 00000118 00000000        DCD              DMA2_Channel5_IRQHandler 
                                                            ; DMA2 Channel 5
  138 0000011C 00000000        DCD              AES_IRQHandler ; AES
  139 00000120 00000000        DCD              COMP_ACQ_IRQHandler ; Comparato
                                                            r Channel Acquisiti
                                                            on
  140 00000124         
  141 00000124         __Vectors_End
  142 00000124         
  143 00000124 00000124 
                       __Vectors_Size
                               EQU              __Vectors_End - __Vectors
  144 00000124         
  145 00000124                 AREA             |.text|, CODE, READONLY
  146 00000000         
  147 00000000         ; Reset handler routine
  148 00000000         Reset_Handler
                               PROC
  149 00000000                 EXPORT           Reset_Handler             [WEAK
]
  150 00000000                 IMPORT           SystemInit
  151 00000000                 IMPORT           __main
  152 00000000 480B            LDR              R0, =SystemInit
  153 00000002 4780            BLX              R0
  154 00000004 480B            LDR              R0, =__initial_sp ; restore ori
                                                            ginal stack pointer
                                                            
  155 00000006 F380 8808       MSR              MSP, R0
  156 0000000A 480B            LDR              R0, =__main
  157 0000000C 4700            BX               R0
  158 0000000E                 ENDP
  159 0000000E         
  160 0000000E         ; Dummy Exception Handlers (infinite loops which can be 
                       modified)



ARM Macro Assembler    Page 5 


  161 0000000E         
  162 0000000E         NMI_Handler
                               PROC
  163 0000000E                 EXPORT           NMI_Handler                [WEA
K]
  164 0000000E E7FE            B                .
  165 00000010                 ENDP
  167 00000010         HardFault_Handler
                               PROC
  168 00000010                 EXPORT           HardFault_Handler          [WEA
K]
  169 00000010 E7FE            B                .
  170 00000012                 ENDP
  172 00000012         MemManage_Handler
                               PROC
  173 00000012                 EXPORT           MemManage_Handler          [WEA
K]
  174 00000012 E7FE            B                .
  175 00000014                 ENDP
  177 00000014         BusFault_Handler
                               PROC
  178 00000014                 EXPORT           BusFault_Handler           [WEA
K]
  179 00000014 E7FE            B                .
  180 00000016                 ENDP
  182 00000016         UsageFault_Handler
                               PROC
  183 00000016                 EXPORT           UsageFault_Handler         [WEA
K]
  184 00000016 E7FE            B                .
  185 00000018                 ENDP
  186 00000018         SVC_Handler
                               PROC
  187 00000018                 EXPORT           SVC_Handler                [WEA
K]
  188 00000018 E7FE            B                .
  189 0000001A                 ENDP
  191 0000001A         DebugMon_Handler
                               PROC
  192 0000001A                 EXPORT           DebugMon_Handler           [WEA
K]
  193 0000001A E7FE            B                .
  194 0000001C                 ENDP
  195 0000001C         PendSV_Handler
                               PROC
  196 0000001C                 EXPORT           PendSV_Handler             [WEA
K]
  197 0000001C E7FE            B                .
  198 0000001E                 ENDP
  199 0000001E         SysTick_Handler
                               PROC
  200 0000001E                 EXPORT           SysTick_Handler            [WEA
K]
  201 0000001E E7FE            B                .
  202 00000020                 ENDP
  203 00000020         
  204 00000020         Default_Handler
                               PROC
  205 00000020         



ARM Macro Assembler    Page 6 


  206 00000020                 EXPORT           WWDG_IRQHandler            [WEA
K]
  207 00000020                 EXPORT           PVD_IRQHandler             [WEA
K]
  208 00000020                 EXPORT           TAMPER_STAMP_IRQHandler    [WEA
K]
  209 00000020                 EXPORT           RTC_WKUP_IRQHandler        [WEA
K]
  210 00000020                 EXPORT           FLASH_IRQHandler           [WEA
K]
  211 00000020                 EXPORT           RCC_IRQHandler             [WEA
K]
  212 00000020                 EXPORT           EXTI0_IRQHandler           [WEA
K]
  213 00000020                 EXPORT           EXTI1_IRQHandler           [WEA
K]
  214 00000020                 EXPORT           EXTI2_IRQHandler           [WEA
K]
  215 00000020                 EXPORT           EXTI3_IRQHandler           [WEA
K]
  216 00000020                 EXPORT           EXTI4_IRQHandler           [WEA
K]
  217 00000020                 EXPORT           DMA1_Channel1_IRQHandler   [WEA
K]
  218 00000020                 EXPORT           DMA1_Channel2_IRQHandler   [WEA
K]
  219 00000020                 EXPORT           DMA1_Channel3_IRQHandler   [WEA
K]
  220 00000020                 EXPORT           DMA1_Channel4_IRQHandler   [WEA
K]
  221 00000020                 EXPORT           DMA1_Channel5_IRQHandler   [WEA
K]
  222 00000020                 EXPORT           DMA1_Channel6_IRQHandler   [WEA
K]
  223 00000020                 EXPORT           DMA1_Channel7_IRQHandler   [WEA
K]
  224 00000020                 EXPORT           ADC1_IRQHandler            [WEA
K]
  225 00000020                 EXPORT           USB_HP_IRQHandler          [WEA
K]
  226 00000020                 EXPORT           USB_LP_IRQHandler          [WEA
K]
  227 00000020                 EXPORT           DAC_IRQHandler             [WEA
K]
  228 00000020                 EXPORT           COMP_IRQHandler            [WEA
K]
  229 00000020                 EXPORT           EXTI9_5_IRQHandler         [WEA
K]
  230 00000020                 EXPORT           LCD_IRQHandler             [WEA
K]
  231 00000020                 EXPORT           TIM9_IRQHandler            [WEA
K]
  232 00000020                 EXPORT           TIM10_IRQHandler           [WEA
K]
  233 00000020                 EXPORT           TIM11_IRQHandler           [WEA
K]
  234 00000020                 EXPORT           TIM2_IRQHandler            [WEA
K]
  235 00000020                 EXPORT           TIM3_IRQHandler            [WEA



ARM Macro Assembler    Page 7 


K]
  236 00000020                 EXPORT           TIM4_IRQHandler            [WEA
K]
  237 00000020                 EXPORT           I2C1_EV_IRQHandler         [WEA
K]
  238 00000020                 EXPORT           I2C1_ER_IRQHandler         [WEA
K]
  239 00000020                 EXPORT           I2C2_EV_IRQHandler         [WEA
K]
  240 00000020                 EXPORT           I2C2_ER_IRQHandler         [WEA
K]
  241 00000020                 EXPORT           SPI1_IRQHandler            [WEA
K]
  242 00000020                 EXPORT           SPI2_IRQHandler            [WEA
K]
  243 00000020                 EXPORT           USART1_IRQHandler          [WEA
K]
  244 00000020                 EXPORT           USART2_IRQHandler          [WEA
K]
  245 00000020                 EXPORT           USART3_IRQHandler          [WEA
K]
  246 00000020                 EXPORT           EXTI15_10_IRQHandler       [WEA
K]
  247 00000020                 EXPORT           RTC_Alarm_IRQHandler       [WEA
K]
  248 00000020                 EXPORT           USB_FS_WKUP_IRQHandler     [WEA
K]
  249 00000020                 EXPORT           TIM6_IRQHandler            [WEA
K]
  250 00000020                 EXPORT           TIM7_IRQHandler            [WEA
K]
  251 00000020                 EXPORT           SDIO_IRQHandler            [WEA
K]
  252 00000020                 EXPORT           TIM5_IRQHandler            [WEA
K]
  253 00000020                 EXPORT           SPI3_IRQHandler            [WEA
K]
  254 00000020                 EXPORT           UART4_IRQHandler           [WEA
K]
  255 00000020                 EXPORT           UART5_IRQHandler           [WEA
K]
  256 00000020                 EXPORT           DMA2_Channel1_IRQHandler   [WEA
K]
  257 00000020                 EXPORT           DMA2_Channel2_IRQHandler   [WEA
K]
  258 00000020                 EXPORT           DMA2_Channel3_IRQHandler   [WEA
K]
  259 00000020                 EXPORT           DMA2_Channel4_IRQHandler   [WEA
K]
  260 00000020                 EXPORT           DMA2_Channel5_IRQHandler   [WEA
K]
  261 00000020                 EXPORT           AES_IRQHandler             [WEA
K]
  262 00000020                 EXPORT           COMP_ACQ_IRQHandler        [WEA
K]
  263 00000020         
  264 00000020         WWDG_IRQHandler
  265 00000020         PVD_IRQHandler
  266 00000020         TAMPER_STAMP_IRQHandler



ARM Macro Assembler    Page 8 


  267 00000020         RTC_WKUP_IRQHandler
  268 00000020         FLASH_IRQHandler
  269 00000020         RCC_IRQHandler
  270 00000020         EXTI0_IRQHandler
  271 00000020         EXTI1_IRQHandler
  272 00000020         EXTI2_IRQHandler
  273 00000020         EXTI3_IRQHandler
  274 00000020         EXTI4_IRQHandler
  275 00000020         DMA1_Channel1_IRQHandler
  276 00000020         DMA1_Channel2_IRQHandler
  277 00000020         DMA1_Channel3_IRQHandler
  278 00000020         DMA1_Channel4_IRQHandler
  279 00000020         DMA1_Channel5_IRQHandler
  280 00000020         DMA1_Channel6_IRQHandler
  281 00000020         DMA1_Channel7_IRQHandler
  282 00000020         ADC1_IRQHandler
  283 00000020         USB_HP_IRQHandler
  284 00000020         USB_LP_IRQHandler
  285 00000020         DAC_IRQHandler
  286 00000020         COMP_IRQHandler
  287 00000020         EXTI9_5_IRQHandler
  288 00000020         LCD_IRQHandler
  289 00000020         TIM9_IRQHandler
  290 00000020         TIM10_IRQHandler
  291 00000020         TIM11_IRQHandler
  292 00000020         TIM2_IRQHandler
  293 00000020         TIM3_IRQHandler
  294 00000020         TIM4_IRQHandler
  295 00000020         I2C1_EV_IRQHandler
  296 00000020         I2C1_ER_IRQHandler
  297 00000020         I2C2_EV_IRQHandler
  298 00000020         I2C2_ER_IRQHandler
  299 00000020         SPI1_IRQHandler
  300 00000020         SPI2_IRQHandler
  301 00000020         USART1_IRQHandler
  302 00000020         USART2_IRQHandler
  303 00000020         USART3_IRQHandler
  304 00000020         EXTI15_10_IRQHandler
  305 00000020         RTC_Alarm_IRQHandler
  306 00000020         USB_FS_WKUP_IRQHandler
  307 00000020         TIM6_IRQHandler
  308 00000020         TIM7_IRQHandler
  309 00000020         SDIO_IRQHandler
  310 00000020         TIM5_IRQHandler
  311 00000020         SPI3_IRQHandler
  312 00000020         UART4_IRQHandler
  313 00000020         UART5_IRQHandler
  314 00000020         DMA2_Channel1_IRQHandler
  315 00000020         DMA2_Channel2_IRQHandler
  316 00000020         DMA2_Channel3_IRQHandler
  317 00000020         DMA2_Channel4_IRQHandler
  318 00000020         DMA2_Channel5_IRQHandler
  319 00000020         AES_IRQHandler
  320 00000020         COMP_ACQ_IRQHandler
  321 00000020         
  322 00000020 E7FE            B                .
  323 00000022         
  324 00000022                 ENDP
  325 00000022         



ARM Macro Assembler    Page 9 


  326 00000022 00 00           ALIGN
  327 00000024         
  328 00000024         ;*******************************************************
                       ************************
  329 00000024         ; User Stack and Heap initialization
  330 00000024         ;*******************************************************
                       ************************
  331 00000024                 IF               :DEF:__MICROLIB
  338 00000024         
  339 00000024                 IMPORT           __use_two_region_memory
  340 00000024                 EXPORT           __user_initial_stackheap
  341 00000024         
  342 00000024         __user_initial_stackheap
  343 00000024         
  344 00000024 4805            LDR              R0, =  Heap_Mem
  345 00000026 4906            LDR              R1, =(Stack_Mem + Stack_Size)
  346 00000028 4A06            LDR              R2, = (Heap_Mem +  Heap_Size)
  347 0000002A 4B07            LDR              R3, = Stack_Mem
  348 0000002C 4770            BX               LR
  349 0000002E         
  350 0000002E 00 00           ALIGN
  351 00000030         
  352 00000030                 ENDIF
  353 00000030         
  354 00000030                 END
              00000000 
              00000000 
              00000000 
              00000000 
              00000400 
              00000200 
              00000000 
Command Line: --debug --xref --diag_suppress=9931 --cpu=Cortex-M3 --apcs=interw
ork --depend=.\objects\startup_stm32l1xx_hd.d -o.\objects\startup_stm32l1xx_hd.
o -I..\source\startup -I..\source\cora\hwt\inc -I..\source\cora\hwt\src -I"E:\P
rogram Files\New Folder\keil\pack\Keil\STM32L1xx_DFP\1.4.1\Drivers\CMSIS\Device
\ST\STM32L1xx\Include" --predefine="__EVAL SETA 1" --predefine="__UVISION_VERSI
ON SETA 535" --predefine="STM32L152xB SETA 1" --predefine="CORTEX SETA 1" --lis
t=.\listings\startup_stm32l1xx_hd.lst ..\source\hsi_startup\startup_stm32l1xx_h
d.s



ARM Macro Assembler    Page 1 Alphabetic symbol ordering
Relocatable symbols

STACK 00000000

Symbol: STACK
   Definitions
      At line 38 in file ..\source\hsi_startup\startup_stm32l1xx_hd.s
   Uses
      None
Comment: STACK unused
Stack_Mem 00000000

Symbol: Stack_Mem
   Definitions
      At line 39 in file ..\source\hsi_startup\startup_stm32l1xx_hd.s
   Uses
      At line 345 in file ..\source\hsi_startup\startup_stm32l1xx_hd.s
      At line 347 in file ..\source\hsi_startup\startup_stm32l1xx_hd.s

__initial_sp 00000400

Symbol: __initial_sp
   Definitions
      At line 40 in file ..\source\hsi_startup\startup_stm32l1xx_hd.s
   Uses
      At line 154 in file ..\source\hsi_startup\startup_stm32l1xx_hd.s
Comment: __initial_sp used once
3 symbols



ARM Macro Assembler    Page 1 Alphabetic symbol ordering
Relocatable symbols

HEAP 00000000

Symbol: HEAP
   Definitions
      At line 50 in file ..\source\hsi_startup\startup_stm32l1xx_hd.s
   Uses
      None
Comment: HEAP unused
Heap_Mem 00000000

Symbol: Heap_Mem
   Definitions
      At line 52 in file ..\source\hsi_startup\startup_stm32l1xx_hd.s
   Uses
      At line 344 in file ..\source\hsi_startup\startup_stm32l1xx_hd.s
      At line 346 in file ..\source\hsi_startup\startup_stm32l1xx_hd.s

__heap_base 00000000

Symbol: __heap_base
   Definitions
      At line 51 in file ..\source\hsi_startup\startup_stm32l1xx_hd.s
   Uses
      None
Comment: __heap_base unused
__heap_limit 00000200

Symbol: __heap_limit
   Definitions
      At line 53 in file ..\source\hsi_startup\startup_stm32l1xx_hd.s
   Uses
      None
Comment: __heap_limit unused
4 symbols



ARM Macro Assembler    Page 1 Alphabetic symbol ordering
Relocatable symbols

RESET 00000000

Symbol: RESET
   Definitions
      At line 60 in file ..\source\hsi_startup\startup_stm32l1xx_hd.s
   Uses
      None
Comment: RESET unused
__Vectors 00000000

Symbol: __Vectors
   Definitions
      At line 65 in file ..\source\hsi_startup\startup_stm32l1xx_hd.s
   Uses
      At line 61 in file ..\source\hsi_startup\startup_stm32l1xx_hd.s
      At line 143 in file ..\source\hsi_startup\startup_stm32l1xx_hd.s

__Vectors_End 00000124

Symbol: __Vectors_End
   Definitions
      At line 141 in file ..\source\hsi_startup\startup_stm32l1xx_hd.s
   Uses
      At line 62 in file ..\source\hsi_startup\startup_stm32l1xx_hd.s
      At line 143 in file ..\source\hsi_startup\startup_stm32l1xx_hd.s

3 symbols



ARM Macro Assembler    Page 1 Alphabetic symbol ordering
Relocatable symbols

.text 00000000

Symbol: .text
   Definitions
      At line 145 in file ..\source\hsi_startup\startup_stm32l1xx_hd.s
   Uses
      None
Comment: .text unused
ADC1_IRQHandler 00000020

Symbol: ADC1_IRQHandler
   Definitions
      At line 282 in file ..\source\hsi_startup\startup_stm32l1xx_hd.s
   Uses
      At line 101 in file ..\source\hsi_startup\startup_stm32l1xx_hd.s
      At line 224 in file ..\source\hsi_startup\startup_stm32l1xx_hd.s

AES_IRQHandler 00000020

Symbol: AES_IRQHandler
   Definitions
      At line 319 in file ..\source\hsi_startup\startup_stm32l1xx_hd.s
   Uses
      At line 138 in file ..\source\hsi_startup\startup_stm32l1xx_hd.s
      At line 261 in file ..\source\hsi_startup\startup_stm32l1xx_hd.s

BusFault_Handler 00000014

Symbol: BusFault_Handler
   Definitions
      At line 177 in file ..\source\hsi_startup\startup_stm32l1xx_hd.s
   Uses
      At line 70 in file ..\source\hsi_startup\startup_stm32l1xx_hd.s
      At line 178 in file ..\source\hsi_startup\startup_stm32l1xx_hd.s

COMP_ACQ_IRQHandler 00000020

Symbol: COMP_ACQ_IRQHandler
   Definitions
      At line 320 in file ..\source\hsi_startup\startup_stm32l1xx_hd.s
   Uses
      At line 139 in file ..\source\hsi_startup\startup_stm32l1xx_hd.s
      At line 262 in file ..\source\hsi_startup\startup_stm32l1xx_hd.s

COMP_IRQHandler 00000020

Symbol: COMP_IRQHandler
   Definitions
      At line 286 in file ..\source\hsi_startup\startup_stm32l1xx_hd.s
   Uses
      At line 105 in file ..\source\hsi_startup\startup_stm32l1xx_hd.s
      At line 228 in file ..\source\hsi_startup\startup_stm32l1xx_hd.s

DAC_IRQHandler 00000020

Symbol: DAC_IRQHandler
   Definitions
      At line 285 in file ..\source\hsi_startup\startup_stm32l1xx_hd.s
   Uses



ARM Macro Assembler    Page 2 Alphabetic symbol ordering
Relocatable symbols

      At line 104 in file ..\source\hsi_startup\startup_stm32l1xx_hd.s
      At line 227 in file ..\source\hsi_startup\startup_stm32l1xx_hd.s

DMA1_Channel1_IRQHandler 00000020

Symbol: DMA1_Channel1_IRQHandler
   Definitions
      At line 275 in file ..\source\hsi_startup\startup_stm32l1xx_hd.s
   Uses
      At line 94 in file ..\source\hsi_startup\startup_stm32l1xx_hd.s
      At line 217 in file ..\source\hsi_startup\startup_stm32l1xx_hd.s

DMA1_Channel2_IRQHandler 00000020

Symbol: DMA1_Channel2_IRQHandler
   Definitions
      At line 276 in file ..\source\hsi_startup\startup_stm32l1xx_hd.s
   Uses
      At line 95 in file ..\source\hsi_startup\startup_stm32l1xx_hd.s
      At line 218 in file ..\source\hsi_startup\startup_stm32l1xx_hd.s

DMA1_Channel3_IRQHandler 00000020

Symbol: DMA1_Channel3_IRQHandler
   Definitions
      At line 277 in file ..\source\hsi_startup\startup_stm32l1xx_hd.s
   Uses
      At line 96 in file ..\source\hsi_startup\startup_stm32l1xx_hd.s
      At line 219 in file ..\source\hsi_startup\startup_stm32l1xx_hd.s

DMA1_Channel4_IRQHandler 00000020

Symbol: DMA1_Channel4_IRQHandler
   Definitions
      At line 278 in file ..\source\hsi_startup\startup_stm32l1xx_hd.s
   Uses
      At line 97 in file ..\source\hsi_startup\startup_stm32l1xx_hd.s
      At line 220 in file ..\source\hsi_startup\startup_stm32l1xx_hd.s

DMA1_Channel5_IRQHandler 00000020

Symbol: DMA1_Channel5_IRQHandler
   Definitions
      At line 279 in file ..\source\hsi_startup\startup_stm32l1xx_hd.s
   Uses
      At line 98 in file ..\source\hsi_startup\startup_stm32l1xx_hd.s
      At line 221 in file ..\source\hsi_startup\startup_stm32l1xx_hd.s

DMA1_Channel6_IRQHandler 00000020

Symbol: DMA1_Channel6_IRQHandler
   Definitions
      At line 280 in file ..\source\hsi_startup\startup_stm32l1xx_hd.s
   Uses
      At line 99 in file ..\source\hsi_startup\startup_stm32l1xx_hd.s
      At line 222 in file ..\source\hsi_startup\startup_stm32l1xx_hd.s

DMA1_Channel7_IRQHandler 00000020




ARM Macro Assembler    Page 3 Alphabetic symbol ordering
Relocatable symbols

Symbol: DMA1_Channel7_IRQHandler
   Definitions
      At line 281 in file ..\source\hsi_startup\startup_stm32l1xx_hd.s
   Uses
      At line 100 in file ..\source\hsi_startup\startup_stm32l1xx_hd.s
      At line 223 in file ..\source\hsi_startup\startup_stm32l1xx_hd.s

DMA2_Channel1_IRQHandler 00000020

Symbol: DMA2_Channel1_IRQHandler
   Definitions
      At line 314 in file ..\source\hsi_startup\startup_stm32l1xx_hd.s
   Uses
      At line 133 in file ..\source\hsi_startup\startup_stm32l1xx_hd.s
      At line 256 in file ..\source\hsi_startup\startup_stm32l1xx_hd.s

DMA2_Channel2_IRQHandler 00000020

Symbol: DMA2_Channel2_IRQHandler
   Definitions
      At line 315 in file ..\source\hsi_startup\startup_stm32l1xx_hd.s
   Uses
      At line 134 in file ..\source\hsi_startup\startup_stm32l1xx_hd.s
      At line 257 in file ..\source\hsi_startup\startup_stm32l1xx_hd.s

DMA2_Channel3_IRQHandler 00000020

Symbol: DMA2_Channel3_IRQHandler
   Definitions
      At line 316 in file ..\source\hsi_startup\startup_stm32l1xx_hd.s
   Uses
      At line 135 in file ..\source\hsi_startup\startup_stm32l1xx_hd.s
      At line 258 in file ..\source\hsi_startup\startup_stm32l1xx_hd.s

DMA2_Channel4_IRQHandler 00000020

Symbol: DMA2_Channel4_IRQHandler
   Definitions
      At line 317 in file ..\source\hsi_startup\startup_stm32l1xx_hd.s
   Uses
      At line 136 in file ..\source\hsi_startup\startup_stm32l1xx_hd.s
      At line 259 in file ..\source\hsi_startup\startup_stm32l1xx_hd.s

DMA2_Channel5_IRQHandler 00000020

Symbol: DMA2_Channel5_IRQHandler
   Definitions
      At line 318 in file ..\source\hsi_startup\startup_stm32l1xx_hd.s
   Uses
      At line 137 in file ..\source\hsi_startup\startup_stm32l1xx_hd.s
      At line 260 in file ..\source\hsi_startup\startup_stm32l1xx_hd.s

DebugMon_Handler 0000001A

Symbol: DebugMon_Handler
   Definitions
      At line 191 in file ..\source\hsi_startup\startup_stm32l1xx_hd.s
   Uses
      At line 77 in file ..\source\hsi_startup\startup_stm32l1xx_hd.s



ARM Macro Assembler    Page 4 Alphabetic symbol ordering
Relocatable symbols

      At line 192 in file ..\source\hsi_startup\startup_stm32l1xx_hd.s

Default_Handler 00000020

Symbol: Default_Handler
   Definitions
      At line 204 in file ..\source\hsi_startup\startup_stm32l1xx_hd.s
   Uses
      None
Comment: Default_Handler unused
EXTI0_IRQHandler 00000020

Symbol: EXTI0_IRQHandler
   Definitions
      At line 270 in file ..\source\hsi_startup\startup_stm32l1xx_hd.s
   Uses
      At line 89 in file ..\source\hsi_startup\startup_stm32l1xx_hd.s
      At line 212 in file ..\source\hsi_startup\startup_stm32l1xx_hd.s

EXTI15_10_IRQHandler 00000020

Symbol: EXTI15_10_IRQHandler
   Definitions
      At line 304 in file ..\source\hsi_startup\startup_stm32l1xx_hd.s
   Uses
      At line 123 in file ..\source\hsi_startup\startup_stm32l1xx_hd.s
      At line 246 in file ..\source\hsi_startup\startup_stm32l1xx_hd.s

EXTI1_IRQHandler 00000020

Symbol: EXTI1_IRQHandler
   Definitions
      At line 271 in file ..\source\hsi_startup\startup_stm32l1xx_hd.s
   Uses
      At line 90 in file ..\source\hsi_startup\startup_stm32l1xx_hd.s
      At line 213 in file ..\source\hsi_startup\startup_stm32l1xx_hd.s

EXTI2_IRQHandler 00000020

Symbol: EXTI2_IRQHandler
   Definitions
      At line 272 in file ..\source\hsi_startup\startup_stm32l1xx_hd.s
   Uses
      At line 91 in file ..\source\hsi_startup\startup_stm32l1xx_hd.s
      At line 214 in file ..\source\hsi_startup\startup_stm32l1xx_hd.s

EXTI3_IRQHandler 00000020

Symbol: EXTI3_IRQHandler
   Definitions
      At line 273 in file ..\source\hsi_startup\startup_stm32l1xx_hd.s
   Uses
      At line 92 in file ..\source\hsi_startup\startup_stm32l1xx_hd.s
      At line 215 in file ..\source\hsi_startup\startup_stm32l1xx_hd.s

EXTI4_IRQHandler 00000020

Symbol: EXTI4_IRQHandler
   Definitions



ARM Macro Assembler    Page 5 Alphabetic symbol ordering
Relocatable symbols

      At line 274 in file ..\source\hsi_startup\startup_stm32l1xx_hd.s
   Uses
      At line 93 in file ..\source\hsi_startup\startup_stm32l1xx_hd.s
      At line 216 in file ..\source\hsi_startup\startup_stm32l1xx_hd.s

EXTI9_5_IRQHandler 00000020

Symbol: EXTI9_5_IRQHandler
   Definitions
      At line 287 in file ..\source\hsi_startup\startup_stm32l1xx_hd.s
   Uses
      At line 106 in file ..\source\hsi_startup\startup_stm32l1xx_hd.s
      At line 229 in file ..\source\hsi_startup\startup_stm32l1xx_hd.s

FLASH_IRQHandler 00000020

Symbol: FLASH_IRQHandler
   Definitions
      At line 268 in file ..\source\hsi_startup\startup_stm32l1xx_hd.s
   Uses
      At line 87 in file ..\source\hsi_startup\startup_stm32l1xx_hd.s
      At line 210 in file ..\source\hsi_startup\startup_stm32l1xx_hd.s

HardFault_Handler 00000010

Symbol: HardFault_Handler
   Definitions
      At line 167 in file ..\source\hsi_startup\startup_stm32l1xx_hd.s
   Uses
      At line 68 in file ..\source\hsi_startup\startup_stm32l1xx_hd.s
      At line 168 in file ..\source\hsi_startup\startup_stm32l1xx_hd.s

I2C1_ER_IRQHandler 00000020

Symbol: I2C1_ER_IRQHandler
   Definitions
      At line 296 in file ..\source\hsi_startup\startup_stm32l1xx_hd.s
   Uses
      At line 115 in file ..\source\hsi_startup\startup_stm32l1xx_hd.s
      At line 238 in file ..\source\hsi_startup\startup_stm32l1xx_hd.s

I2C1_EV_IRQHandler 00000020

Symbol: I2C1_EV_IRQHandler
   Definitions
      At line 295 in file ..\source\hsi_startup\startup_stm32l1xx_hd.s
   Uses
      At line 114 in file ..\source\hsi_startup\startup_stm32l1xx_hd.s
      At line 237 in file ..\source\hsi_startup\startup_stm32l1xx_hd.s

I2C2_ER_IRQHandler 00000020

Symbol: I2C2_ER_IRQHandler
   Definitions
      At line 298 in file ..\source\hsi_startup\startup_stm32l1xx_hd.s
   Uses
      At line 117 in file ..\source\hsi_startup\startup_stm32l1xx_hd.s
      At line 240 in file ..\source\hsi_startup\startup_stm32l1xx_hd.s




ARM Macro Assembler    Page 6 Alphabetic symbol ordering
Relocatable symbols

I2C2_EV_IRQHandler 00000020

Symbol: I2C2_EV_IRQHandler
   Definitions
      At line 297 in file ..\source\hsi_startup\startup_stm32l1xx_hd.s
   Uses
      At line 116 in file ..\source\hsi_startup\startup_stm32l1xx_hd.s
      At line 239 in file ..\source\hsi_startup\startup_stm32l1xx_hd.s

LCD_IRQHandler 00000020

Symbol: LCD_IRQHandler
   Definitions
      At line 288 in file ..\source\hsi_startup\startup_stm32l1xx_hd.s
   Uses
      At line 107 in file ..\source\hsi_startup\startup_stm32l1xx_hd.s
      At line 230 in file ..\source\hsi_startup\startup_stm32l1xx_hd.s

MemManage_Handler 00000012

Symbol: MemManage_Handler
   Definitions
      At line 172 in file ..\source\hsi_startup\startup_stm32l1xx_hd.s
   Uses
      At line 69 in file ..\source\hsi_startup\startup_stm32l1xx_hd.s
      At line 173 in file ..\source\hsi_startup\startup_stm32l1xx_hd.s

NMI_Handler 0000000E

Symbol: NMI_Handler
   Definitions
      At line 162 in file ..\source\hsi_startup\startup_stm32l1xx_hd.s
   Uses
      At line 67 in file ..\source\hsi_startup\startup_stm32l1xx_hd.s
      At line 163 in file ..\source\hsi_startup\startup_stm32l1xx_hd.s

PVD_IRQHandler 00000020

Symbol: PVD_IRQHandler
   Definitions
      At line 265 in file ..\source\hsi_startup\startup_stm32l1xx_hd.s
   Uses
      At line 84 in file ..\source\hsi_startup\startup_stm32l1xx_hd.s
      At line 207 in file ..\source\hsi_startup\startup_stm32l1xx_hd.s

PendSV_Handler 0000001C

Symbol: PendSV_Handler
   Definitions
      At line 195 in file ..\source\hsi_startup\startup_stm32l1xx_hd.s
   Uses
      At line 79 in file ..\source\hsi_startup\startup_stm32l1xx_hd.s
      At line 196 in file ..\source\hsi_startup\startup_stm32l1xx_hd.s

RCC_IRQHandler 00000020

Symbol: RCC_IRQHandler
   Definitions
      At line 269 in file ..\source\hsi_startup\startup_stm32l1xx_hd.s



ARM Macro Assembler    Page 7 Alphabetic symbol ordering
Relocatable symbols

   Uses
      At line 88 in file ..\source\hsi_startup\startup_stm32l1xx_hd.s
      At line 211 in file ..\source\hsi_startup\startup_stm32l1xx_hd.s

RTC_Alarm_IRQHandler 00000020

Symbol: RTC_Alarm_IRQHandler
   Definitions
      At line 305 in file ..\source\hsi_startup\startup_stm32l1xx_hd.s
   Uses
      At line 124 in file ..\source\hsi_startup\startup_stm32l1xx_hd.s
      At line 247 in file ..\source\hsi_startup\startup_stm32l1xx_hd.s

RTC_WKUP_IRQHandler 00000020

Symbol: RTC_WKUP_IRQHandler
   Definitions
      At line 267 in file ..\source\hsi_startup\startup_stm32l1xx_hd.s
   Uses
      At line 86 in file ..\source\hsi_startup\startup_stm32l1xx_hd.s
      At line 209 in file ..\source\hsi_startup\startup_stm32l1xx_hd.s

Reset_Handler 00000000

Symbol: Reset_Handler
   Definitions
      At line 148 in file ..\source\hsi_startup\startup_stm32l1xx_hd.s
   Uses
      At line 66 in file ..\source\hsi_startup\startup_stm32l1xx_hd.s
      At line 149 in file ..\source\hsi_startup\startup_stm32l1xx_hd.s

SDIO_IRQHandler 00000020

Symbol: SDIO_IRQHandler
   Definitions
      At line 309 in file ..\source\hsi_startup\startup_stm32l1xx_hd.s
   Uses
      At line 128 in file ..\source\hsi_startup\startup_stm32l1xx_hd.s
      At line 251 in file ..\source\hsi_startup\startup_stm32l1xx_hd.s

SPI1_IRQHandler 00000020

Symbol: SPI1_IRQHandler
   Definitions
      At line 299 in file ..\source\hsi_startup\startup_stm32l1xx_hd.s
   Uses
      At line 118 in file ..\source\hsi_startup\startup_stm32l1xx_hd.s
      At line 241 in file ..\source\hsi_startup\startup_stm32l1xx_hd.s

SPI2_IRQHandler 00000020

Symbol: SPI2_IRQHandler
   Definitions
      At line 300 in file ..\source\hsi_startup\startup_stm32l1xx_hd.s
   Uses
      At line 119 in file ..\source\hsi_startup\startup_stm32l1xx_hd.s
      At line 242 in file ..\source\hsi_startup\startup_stm32l1xx_hd.s

SPI3_IRQHandler 00000020



ARM Macro Assembler    Page 8 Alphabetic symbol ordering
Relocatable symbols


Symbol: SPI3_IRQHandler
   Definitions
      At line 311 in file ..\source\hsi_startup\startup_stm32l1xx_hd.s
   Uses
      At line 130 in file ..\source\hsi_startup\startup_stm32l1xx_hd.s
      At line 253 in file ..\source\hsi_startup\startup_stm32l1xx_hd.s

SVC_Handler 00000018

Symbol: SVC_Handler
   Definitions
      At line 186 in file ..\source\hsi_startup\startup_stm32l1xx_hd.s
   Uses
      At line 76 in file ..\source\hsi_startup\startup_stm32l1xx_hd.s
      At line 187 in file ..\source\hsi_startup\startup_stm32l1xx_hd.s

SysTick_Handler 0000001E

Symbol: SysTick_Handler
   Definitions
      At line 199 in file ..\source\hsi_startup\startup_stm32l1xx_hd.s
   Uses
      At line 80 in file ..\source\hsi_startup\startup_stm32l1xx_hd.s
      At line 200 in file ..\source\hsi_startup\startup_stm32l1xx_hd.s

TAMPER_STAMP_IRQHandler 00000020

Symbol: TAMPER_STAMP_IRQHandler
   Definitions
      At line 266 in file ..\source\hsi_startup\startup_stm32l1xx_hd.s
   Uses
      At line 85 in file ..\source\hsi_startup\startup_stm32l1xx_hd.s
      At line 208 in file ..\source\hsi_startup\startup_stm32l1xx_hd.s

TIM10_IRQHandler 00000020

Symbol: TIM10_IRQHandler
   Definitions
      At line 290 in file ..\source\hsi_startup\startup_stm32l1xx_hd.s
   Uses
      At line 109 in file ..\source\hsi_startup\startup_stm32l1xx_hd.s
      At line 232 in file ..\source\hsi_startup\startup_stm32l1xx_hd.s

TIM11_IRQHandler 00000020

Symbol: TIM11_IRQHandler
   Definitions
      At line 291 in file ..\source\hsi_startup\startup_stm32l1xx_hd.s
   Uses
      At line 110 in file ..\source\hsi_startup\startup_stm32l1xx_hd.s
      At line 233 in file ..\source\hsi_startup\startup_stm32l1xx_hd.s

TIM2_IRQHandler 00000020

Symbol: TIM2_IRQHandler
   Definitions
      At line 292 in file ..\source\hsi_startup\startup_stm32l1xx_hd.s
   Uses



ARM Macro Assembler    Page 9 Alphabetic symbol ordering
Relocatable symbols

      At line 111 in file ..\source\hsi_startup\startup_stm32l1xx_hd.s
      At line 234 in file ..\source\hsi_startup\startup_stm32l1xx_hd.s

TIM3_IRQHandler 00000020

Symbol: TIM3_IRQHandler
   Definitions
      At line 293 in file ..\source\hsi_startup\startup_stm32l1xx_hd.s
   Uses
      At line 112 in file ..\source\hsi_startup\startup_stm32l1xx_hd.s
      At line 235 in file ..\source\hsi_startup\startup_stm32l1xx_hd.s

TIM4_IRQHandler 00000020

Symbol: TIM4_IRQHandler
   Definitions
      At line 294 in file ..\source\hsi_startup\startup_stm32l1xx_hd.s
   Uses
      At line 113 in file ..\source\hsi_startup\startup_stm32l1xx_hd.s
      At line 236 in file ..\source\hsi_startup\startup_stm32l1xx_hd.s

TIM5_IRQHandler 00000020

Symbol: TIM5_IRQHandler
   Definitions
      At line 310 in file ..\source\hsi_startup\startup_stm32l1xx_hd.s
   Uses
      At line 129 in file ..\source\hsi_startup\startup_stm32l1xx_hd.s
      At line 252 in file ..\source\hsi_startup\startup_stm32l1xx_hd.s

TIM6_IRQHandler 00000020

Symbol: TIM6_IRQHandler
   Definitions
      At line 307 in file ..\source\hsi_startup\startup_stm32l1xx_hd.s
   Uses
      At line 126 in file ..\source\hsi_startup\startup_stm32l1xx_hd.s
      At line 249 in file ..\source\hsi_startup\startup_stm32l1xx_hd.s

TIM7_IRQHandler 00000020

Symbol: TIM7_IRQHandler
   Definitions
      At line 308 in file ..\source\hsi_startup\startup_stm32l1xx_hd.s
   Uses
      At line 127 in file ..\source\hsi_startup\startup_stm32l1xx_hd.s
      At line 250 in file ..\source\hsi_startup\startup_stm32l1xx_hd.s

TIM9_IRQHandler 00000020

Symbol: TIM9_IRQHandler
   Definitions
      At line 289 in file ..\source\hsi_startup\startup_stm32l1xx_hd.s
   Uses
      At line 108 in file ..\source\hsi_startup\startup_stm32l1xx_hd.s
      At line 231 in file ..\source\hsi_startup\startup_stm32l1xx_hd.s

UART4_IRQHandler 00000020




ARM Macro Assembler    Page 10 Alphabetic symbol ordering
Relocatable symbols

Symbol: UART4_IRQHandler
   Definitions
      At line 312 in file ..\source\hsi_startup\startup_stm32l1xx_hd.s
   Uses
      At line 131 in file ..\source\hsi_startup\startup_stm32l1xx_hd.s
      At line 254 in file ..\source\hsi_startup\startup_stm32l1xx_hd.s

UART5_IRQHandler 00000020

Symbol: UART5_IRQHandler
   Definitions
      At line 313 in file ..\source\hsi_startup\startup_stm32l1xx_hd.s
   Uses
      At line 132 in file ..\source\hsi_startup\startup_stm32l1xx_hd.s
      At line 255 in file ..\source\hsi_startup\startup_stm32l1xx_hd.s

USART1_IRQHandler 00000020

Symbol: USART1_IRQHandler
   Definitions
      At line 301 in file ..\source\hsi_startup\startup_stm32l1xx_hd.s
   Uses
      At line 120 in file ..\source\hsi_startup\startup_stm32l1xx_hd.s
      At line 243 in file ..\source\hsi_startup\startup_stm32l1xx_hd.s

USART2_IRQHandler 00000020

Symbol: USART2_IRQHandler
   Definitions
      At line 302 in file ..\source\hsi_startup\startup_stm32l1xx_hd.s
   Uses
      At line 121 in file ..\source\hsi_startup\startup_stm32l1xx_hd.s
      At line 244 in file ..\source\hsi_startup\startup_stm32l1xx_hd.s

USART3_IRQHandler 00000020

Symbol: USART3_IRQHandler
   Definitions
      At line 303 in file ..\source\hsi_startup\startup_stm32l1xx_hd.s
   Uses
      At line 122 in file ..\source\hsi_startup\startup_stm32l1xx_hd.s
      At line 245 in file ..\source\hsi_startup\startup_stm32l1xx_hd.s

USB_FS_WKUP_IRQHandler 00000020

Symbol: USB_FS_WKUP_IRQHandler
   Definitions
      At line 306 in file ..\source\hsi_startup\startup_stm32l1xx_hd.s
   Uses
      At line 125 in file ..\source\hsi_startup\startup_stm32l1xx_hd.s
      At line 248 in file ..\source\hsi_startup\startup_stm32l1xx_hd.s

USB_HP_IRQHandler 00000020

Symbol: USB_HP_IRQHandler
   Definitions
      At line 283 in file ..\source\hsi_startup\startup_stm32l1xx_hd.s
   Uses
      At line 102 in file ..\source\hsi_startup\startup_stm32l1xx_hd.s



ARM Macro Assembler    Page 11 Alphabetic symbol ordering
Relocatable symbols

      At line 225 in file ..\source\hsi_startup\startup_stm32l1xx_hd.s

USB_LP_IRQHandler 00000020

Symbol: USB_LP_IRQHandler
   Definitions
      At line 284 in file ..\source\hsi_startup\startup_stm32l1xx_hd.s
   Uses
      At line 103 in file ..\source\hsi_startup\startup_stm32l1xx_hd.s
      At line 226 in file ..\source\hsi_startup\startup_stm32l1xx_hd.s

UsageFault_Handler 00000016

Symbol: UsageFault_Handler
   Definitions
      At line 182 in file ..\source\hsi_startup\startup_stm32l1xx_hd.s
   Uses
      At line 71 in file ..\source\hsi_startup\startup_stm32l1xx_hd.s
      At line 183 in file ..\source\hsi_startup\startup_stm32l1xx_hd.s

WWDG_IRQHandler 00000020

Symbol: WWDG_IRQHandler
   Definitions
      At line 264 in file ..\source\hsi_startup\startup_stm32l1xx_hd.s
   Uses
      At line 83 in file ..\source\hsi_startup\startup_stm32l1xx_hd.s
      At line 206 in file ..\source\hsi_startup\startup_stm32l1xx_hd.s

__user_initial_stackheap 00000024

Symbol: __user_initial_stackheap
   Definitions
      At line 342 in file ..\source\hsi_startup\startup_stm32l1xx_hd.s
   Uses
      At line 340 in file ..\source\hsi_startup\startup_stm32l1xx_hd.s
Comment: __user_initial_stackheap used once
70 symbols



ARM Macro Assembler    Page 1 Alphabetic symbol ordering
Absolute symbols

Heap_Size 00000200

Symbol: Heap_Size
   Definitions
      At line 48 in file ..\source\hsi_startup\startup_stm32l1xx_hd.s
   Uses
      At line 52 in file ..\source\hsi_startup\startup_stm32l1xx_hd.s
      At line 346 in file ..\source\hsi_startup\startup_stm32l1xx_hd.s

Stack_Size 00000400

Symbol: Stack_Size
   Definitions
      At line 36 in file ..\source\hsi_startup\startup_stm32l1xx_hd.s
   Uses
      At line 39 in file ..\source\hsi_startup\startup_stm32l1xx_hd.s
      At line 345 in file ..\source\hsi_startup\startup_stm32l1xx_hd.s

__Vectors_Size 00000124

Symbol: __Vectors_Size
   Definitions
      At line 143 in file ..\source\hsi_startup\startup_stm32l1xx_hd.s
   Uses
      At line 63 in file ..\source\hsi_startup\startup_stm32l1xx_hd.s
Comment: __Vectors_Size used once
__initial_spTop 20000400

Symbol: __initial_spTop
   Definitions
      At line 42 in file ..\source\hsi_startup\startup_stm32l1xx_hd.s
   Uses
      At line 65 in file ..\source\hsi_startup\startup_stm32l1xx_hd.s
Comment: __initial_spTop used once
4 symbols



ARM Macro Assembler    Page 1 Alphabetic symbol ordering
External symbols

SystemInit 00000000

Symbol: SystemInit
   Definitions
      At line 150 in file ..\source\hsi_startup\startup_stm32l1xx_hd.s
   Uses
      At line 152 in file ..\source\hsi_startup\startup_stm32l1xx_hd.s
Comment: SystemInit used once
__main 00000000

Symbol: __main
   Definitions
      At line 151 in file ..\source\hsi_startup\startup_stm32l1xx_hd.s
   Uses
      At line 156 in file ..\source\hsi_startup\startup_stm32l1xx_hd.s
Comment: __main used once
__use_two_region_memory 00000000

Symbol: __use_two_region_memory
   Definitions
      At line 339 in file ..\source\hsi_startup\startup_stm32l1xx_hd.s
   Uses
      None
Comment: __use_two_region_memory unused
3 symbols
425 symbols in table
